/0:0:0:0:0:0:0:1:65408 - dynamicHandler [12/Jan/2020:16:07:50+0100] "GET / HTTP/1.1" 200 2810
/0:0:0:0:0:0:0:1:65409 - dynamicHandler [12/Jan/2020:16:07:50+0100] "GET /index.js HTTP/1.1" 200 3405
/0:0:0:0:0:0:0:1:65410 - staticHandler [12/Jan/2020:16:07:50+0100] "GET /static/images/smile.png HTTP/1.1" 200 5604
/0:0:0:0:0:0:0:1:65411 - dynamicHandler [12/Jan/2020:16:07:51+0100] "GET /data HTTP/1.1" 200 2
/0:0:0:0:0:0:0:1:65413 - dynamicHandler [12/Jan/2020:16:08:22+0100] "GET /username=beck/message=baatybem HTTP/1.1" 200 21
/0:0:0:0:0:0:0:1:50404 - dynamicHandler [19/Jan/2020:23:57:50+0100] "GET / HTTP/1.1" 200 2810
/0:0:0:0:0:0:0:1:50405 - dynamicHandler [19/Jan/2020:23:57:50+0100] "GET /index.js HTTP/1.1" 200 3405
/0:0:0:0:0:0:0:1:50406 - staticHandler [19/Jan/2020:23:57:50+0100] "GET /static/images/smile.png HTTP/1.1" 200 5604
/0:0:0:0:0:0:0:1:50413 - dynamicHandler [19/Jan/2020:23:57:51+0100] "GET /data HTTP/1.1" 200 93
/0:0:0:0:0:0:0:1:50414 - staticHandler [19/Jan/2020:23:57:51+0100] "GET /static/favicon.ico HTTP/1.1" 200 318
/0:0:0:0:0:0:0:1:50415 - dynamicHandler [19/Jan/2020:23:57:53+0100] "GET /clear HTTP/1.1" 200 21
/0:0:0:0:0:0:0:1:50416 - dynamicHandler [19/Jan/2020:23:57:53+0100] "GET /data HTTP/1.1" 200 2
/0:0:0:0:0:0:0:1:50417 - dynamicHandler [19/Jan/2020:23:57:54+0100] "GET /data HTTP/1.1" 200 2
/0:0:0:0:0:0:0:1:50419 - dynamicHandler [19/Jan/2020:23:58:02+0100] "GET /username=Beck/message=This%20is%20my%20message HTTP/1.1" 200 21
/0:0:0:0:0:0:0:1:50420 - dynamicHandler [19/Jan/2020:23:58:04+0100] "GET /data HTTP/1.1" 200 103
/0:0:0:0:0:0:0:1:50421 - dynamicHandler [19/Jan/2020:23:58:07+0100] "GET /username=Beck/message=This%20is%20my%20message HTTP/1.1" 200 21
/0:0:0:0:0:0:0:1:50422 - dynamicHandler [19/Jan/2020:23:58:08+0100] "GET /username=Beck/message=This%20is%20my%20message HTTP/1.1" 200 21
/0:0:0:0:0:0:0:1:50423 - dynamicHandler [19/Jan/2020:23:58:08+0100] "GET /username=Beck/message=This%20is%20my%20message HTTP/1.1" 200 21
/0:0:0:0:0:0:0:1:50424 - dynamicHandler [19/Jan/2020:23:58:08+0100] "GET /username=Beck/message=This%20is%20my%20message HTTP/1.1" 200 21
/0:0:0:0:0:0:0:1:50425 - dynamicHandler [19/Jan/2020:23:58:08+0100] "GET /username=Beck/message=This%20is%20my%20message HTTP/1.1" 200 21
/0:0:0:0:0:0:0:1:50426 - dynamicHandler [19/Jan/2020:23:58:08+0100] "GET /username=Beck/message=This%20is%20my%20message HTTP/1.1" 200 21
/0:0:0:0:0:0:0:1:50427 - dynamicHandler [19/Jan/2020:23:58:09+0100] "GET /username=Beck/message=This%20is%20my%20message HTTP/1.1" 200 21
/0:0:0:0:0:0:0:1:50428 - dynamicHandler [19/Jan/2020:23:58:09+0100] "GET /username=Beck/message=This%20is%20my%20message HTTP/1.1" 200 21
/0:0:0:0:0:0:0:1:50429 - dynamicHandler [19/Jan/2020:23:58:09+0100] "GET /username=Beck/message=This%20is%20my%20message HTTP/1.1" 200 21
/0:0:0:0:0:0:0:1:50430 - dynamicHandler [19/Jan/2020:23:58:09+0100] "GET /data HTTP/1.1" 200 985
/0:0:0:0:0:0:0:1:50431 - dynamicHandler [19/Jan/2020:23:58:12+0100] "GET /username=Beck/message=This%20is%20my%20message HTTP/1.1" 200 21
/0:0:0:0:0:0:0:1:50432 - dynamicHandler [19/Jan/2020:23:58:13+0100] "GET /data HTTP/1.1" 200 1083
/0:0:0:0:0:0:0:1:50433 - dynamicHandler [19/Jan/2020:23:58:14+0100] "GET /clear HTTP/1.1" 200 21
/0:0:0:0:0:0:0:1:50434 - dynamicHandler [19/Jan/2020:23:58:14+0100] "GET /data HTTP/1.1" 200 2
/0:0:0:0:0:0:0:1:36910 - dynamicHandler [03/Mar/2020:11:28:15+0100] "GET / HTTP/1.1" 200 2810
/0:0:0:0:0:0:0:1:36912 - dynamicHandler [03/Mar/2020:11:28:15+0100] "GET /index.js HTTP/1.1" 200 3405
/0:0:0:0:0:0:0:1:36914 - staticHandler [03/Mar/2020:11:28:15+0100] "GET /static/images/smile.png HTTP/1.1" 200 5604
/0:0:0:0:0:0:0:1:36918 - dynamicHandler [03/Mar/2020:11:28:16+0100] "GET /data HTTP/1.1" 200 2
/0:0:0:0:0:0:0:1:36920 - staticHandler [03/Mar/2020:11:28:16+0100] "GET /static/favicon.ico HTTP/1.1" 200 318
